  generate.c
  main.c
C:\Users\kurut\Desktop\GeneratePassword\GeneratePassword\main.c(15,12): warning C4244: функция: преобразование "time_t" в "unsigned int", возможна потеря данных
C:\Users\kurut\Desktop\GeneratePassword\GeneratePassword\main.c(23,18): warning C4013: parsingParam: нет определения; предполагается "extern" с возвратом типа "int"
C:\Users\kurut\Desktop\GeneratePassword\GeneratePassword\main.c(24,19): warning C4013: generatePassword: нет определения; предполагается "extern" с возвратом типа "int"
C:\Users\kurut\Desktop\GeneratePassword\GeneratePassword\main.c(46,1): warning C4005: TEST_NAME: изменение макроопределения
C:\Users\kurut\Desktop\GeneratePassword\GeneratePassword\main.c(38): message : см. предыдущее определение "TEST_NAME"
C:\Users\kurut\Desktop\GeneratePassword\GeneratePassword\main.c(54,1): warning C4005: TEST_NAME: изменение макроопределения
C:\Users\kurut\Desktop\GeneratePassword\GeneratePassword\main.c(46): message : см. предыдущее определение "TEST_NAME"
C:\Users\kurut\Desktop\GeneratePassword\GeneratePassword\main.c(62,1): warning C4005: TEST_NAME: изменение макроопределения
C:\Users\kurut\Desktop\GeneratePassword\GeneratePassword\main.c(54): message : см. предыдущее определение "TEST_NAME"
C:\Users\kurut\Desktop\GeneratePassword\GeneratePassword\main.c(70,1): warning C4005: TEST_NAME: изменение макроопределения
C:\Users\kurut\Desktop\GeneratePassword\GeneratePassword\main.c(62): message : см. предыдущее определение "TEST_NAME"
C:\Users\kurut\Desktop\GeneratePassword\GeneratePassword\main.c(79,1): warning C4005: TEST_NAME: изменение макроопределения
C:\Users\kurut\Desktop\GeneratePassword\GeneratePassword\main.c(70): message : см. предыдущее определение "TEST_NAME"
C:\Users\kurut\Desktop\GeneratePassword\GeneratePassword\main.c(88,1): warning C4005: TEST_NAME: изменение макроопределения
C:\Users\kurut\Desktop\GeneratePassword\GeneratePassword\main.c(79): message : см. предыдущее определение "TEST_NAME"
C:\Users\kurut\Desktop\GeneratePassword\GeneratePassword\main.c(96,1): warning C4005: TEST_NAME: изменение макроопределения
C:\Users\kurut\Desktop\GeneratePassword\GeneratePassword\main.c(88): message : см. предыдущее определение "TEST_NAME"
C:\Users\kurut\Desktop\GeneratePassword\GeneratePassword\main.c(104,1): warning C4005: TEST_NAME: изменение макроопределения
C:\Users\kurut\Desktop\GeneratePassword\GeneratePassword\main.c(96): message : см. предыдущее определение "TEST_NAME"
C:\Users\kurut\Desktop\GeneratePassword\GeneratePassword\main.c(112,1): warning C4005: TEST_NAME: изменение макроопределения
C:\Users\kurut\Desktop\GeneratePassword\GeneratePassword\main.c(104): message : см. предыдущее определение "TEST_NAME"
C:\Users\kurut\Desktop\GeneratePassword\GeneratePassword\main.c(120,1): warning C4005: TEST_NAME: изменение макроопределения
C:\Users\kurut\Desktop\GeneratePassword\GeneratePassword\main.c(112): message : см. предыдущее определение "TEST_NAME"
C:\Users\kurut\Desktop\GeneratePassword\GeneratePassword\main.c(128,1): warning C4005: TEST_NAME: изменение макроопределения
C:\Users\kurut\Desktop\GeneratePassword\GeneratePassword\main.c(120): message : см. предыдущее определение "TEST_NAME"
C:\Users\kurut\Desktop\GeneratePassword\GeneratePassword\main.c(136,1): warning C4005: TEST_NAME: изменение макроопределения
C:\Users\kurut\Desktop\GeneratePassword\GeneratePassword\main.c(128): message : см. предыдущее определение "TEST_NAME"
C:\Users\kurut\Desktop\GeneratePassword\GeneratePassword\main.c(144,1): warning C4005: TEST_NAME: изменение макроопределения
C:\Users\kurut\Desktop\GeneratePassword\GeneratePassword\main.c(136): message : см. предыдущее определение "TEST_NAME"
C:\Users\kurut\Desktop\GeneratePassword\GeneratePassword\main.c(152,1): warning C4005: TEST_NAME: изменение макроопределения
C:\Users\kurut\Desktop\GeneratePassword\GeneratePassword\main.c(144): message : см. предыдущее определение "TEST_NAME"
C:\Users\kurut\Desktop\GeneratePassword\GeneratePassword\main.c(161,1): warning C4005: TEST_NAME: изменение макроопределения
C:\Users\kurut\Desktop\GeneratePassword\GeneratePassword\main.c(152): message : см. предыдущее определение "TEST_NAME"
C:\Users\kurut\Desktop\GeneratePassword\GeneratePassword\main.c(169,1): warning C4005: TEST_NAME: изменение макроопределения
C:\Users\kurut\Desktop\GeneratePassword\GeneratePassword\main.c(161): message : см. предыдущее определение "TEST_NAME"
C:\Users\kurut\Desktop\GeneratePassword\GeneratePassword\main.c(177,1): warning C4005: TEST_NAME: изменение макроопределения
C:\Users\kurut\Desktop\GeneratePassword\GeneratePassword\main.c(169): message : см. предыдущее определение "TEST_NAME"
C:\Users\kurut\Desktop\GeneratePassword\GeneratePassword\main.c(186,1): warning C4005: TEST_NAME: изменение макроопределения
C:\Users\kurut\Desktop\GeneratePassword\GeneratePassword\main.c(177): message : см. предыдущее определение "TEST_NAME"
C:\Users\kurut\Desktop\GeneratePassword\GeneratePassword\main.c(195,1): warning C4005: TEST_NAME: изменение макроопределения
C:\Users\kurut\Desktop\GeneratePassword\GeneratePassword\main.c(186): message : см. предыдущее определение "TEST_NAME"
C:\Users\kurut\Desktop\GeneratePassword\GeneratePassword\main.c(204,1): warning C4005: TEST_NAME: изменение макроопределения
C:\Users\kurut\Desktop\GeneratePassword\GeneratePassword\main.c(195): message : см. предыдущее определение "TEST_NAME"
C:\Users\kurut\Desktop\GeneratePassword\GeneratePassword\main.c(213,1): warning C4005: TEST_NAME: изменение макроопределения
C:\Users\kurut\Desktop\GeneratePassword\GeneratePassword\main.c(204): message : см. предыдущее определение "TEST_NAME"
C:\Users\kurut\Desktop\GeneratePassword\GeneratePassword\main.c(222,1): warning C4005: TEST_NAME: изменение макроопределения
C:\Users\kurut\Desktop\GeneratePassword\GeneratePassword\main.c(213): message : см. предыдущее определение "TEST_NAME"
C:\Users\kurut\Desktop\GeneratePassword\GeneratePassword\main.c(231,1): warning C4005: TEST_NAME: изменение макроопределения
C:\Users\kurut\Desktop\GeneratePassword\GeneratePassword\main.c(222): message : см. предыдущее определение "TEST_NAME"
C:\Users\kurut\Desktop\GeneratePassword\GeneratePassword\main.c(240,1): warning C4005: TEST_NAME: изменение макроопределения
C:\Users\kurut\Desktop\GeneratePassword\GeneratePassword\main.c(231): message : см. предыдущее определение "TEST_NAME"
C:\Users\kurut\Desktop\GeneratePassword\GeneratePassword\main.c(249,1): warning C4005: TEST_NAME: изменение макроопределения
C:\Users\kurut\Desktop\GeneratePassword\GeneratePassword\main.c(240): message : см. предыдущее определение "TEST_NAME"
C:\Users\kurut\Desktop\GeneratePassword\GeneratePassword\main.c(257,1): warning C4005: TEST_NAME: изменение макроопределения
C:\Users\kurut\Desktop\GeneratePassword\GeneratePassword\main.c(249): message : см. предыдущее определение "TEST_NAME"
C:\Users\kurut\Desktop\GeneratePassword\GeneratePassword\main.c(265,1): warning C4005: TEST_NAME: изменение макроопределения
C:\Users\kurut\Desktop\GeneratePassword\GeneratePassword\main.c(257): message : см. предыдущее определение "TEST_NAME"
C:\Users\kurut\Desktop\GeneratePassword\GeneratePassword\main.c(273,1): warning C4005: TEST_NAME: изменение макроопределения
C:\Users\kurut\Desktop\GeneratePassword\GeneratePassword\main.c(265): message : см. предыдущее определение "TEST_NAME"
C:\Users\kurut\Desktop\GeneratePassword\GeneratePassword\main.c(281,1): warning C4005: TEST_NAME: изменение макроопределения
C:\Users\kurut\Desktop\GeneratePassword\GeneratePassword\main.c(273): message : см. предыдущее определение "TEST_NAME"
  parsing.c
C:\Users\kurut\Desktop\GeneratePassword\GeneratePassword\parsing.c(17,20): warning C4013: isInteger: нет определения; предполагается "extern" с возвратом типа "int"
C:\Users\kurut\Desktop\GeneratePassword\GeneratePassword\parsing.c(21,23): warning C4013: error: нет определения; предполагается "extern" с возвратом типа "int"
C:\Users\kurut\Desktop\GeneratePassword\GeneratePassword\parsing.c(9,7): warning C4101: sign: неиспользованная локальная переменная
  Создание кода...
  GeneratePassword.vcxproj -> C:\Users\kurut\Desktop\GeneratePassword\x64\Debug\GeneratePassword.exe
